<?xml version="1.0" encoding="UTF-8"?>
<!-- Generated by org.testng.reporters.JUnitReportReporter -->
<testsuite hostname="DESKTOP-O9MNE6H" failures="0" tests="1" name="tugas5.SignUp.SignUp" time="5.465" errors="0" timestamp="17 Nov 2021 08:49:22 GMT" skipped="0">
  <testcase classname="tugas5.SignUp.SignUp" name="SignUp" time="5.465"/>
</testsuite> <!-- tugas5.SignUp.SignUp -->
