<?xml version="1.0" encoding="UTF-8"?>
<!-- Generated by org.testng.reporters.JUnitReportReporter -->
<testsuite hostname="DESKTOP-O9MNE6H" failures="0" tests="1" name="tugas4.MakeMyTrip.TestCaseTugas4" time="16.158" errors="0" timestamp="17 Nov 2021 08:46:45 GMT" skipped="0">
  <testcase classname="tugas4.MakeMyTrip.TestCaseTugas4" name="validationPriceOnTopSection" time="16.158"/>
</testsuite> <!-- tugas4.MakeMyTrip.TestCaseTugas4 -->
