<?xml version="1.0" encoding="UTF-8"?>
<!-- Generated by org.testng.reporters.JUnitReportReporter -->
<testsuite hostname="DESKTOP-O9MNE6H" failures="0" tests="1" name="qaautomation.Tugas4_FirmanAdi.AppTest" time="13.766" errors="0" timestamp="15 Nov 2021 19:58:13 GMT" skipped="0">
  <testcase classname="qaautomation.Tugas4_FirmanAdi.AppTest" name="validationPriceOnTopSection" time="13.766"/>
</testsuite> <!-- qaautomation.Tugas4_FirmanAdi.AppTest -->
