<?xml version="1.0" encoding="UTF-8"?>
<!-- Generated by org.testng.reporters.JUnitReportReporter -->
<testsuite hostname="DESKTOP-O9MNE6H" failures="0" tests="1" name="tugas3.YopMail.TestCaseTugas3" time="9.188" errors="0" timestamp="17 Nov 2021 08:23:41 GMT" skipped="0">
  <testcase classname="tugas3.YopMail.TestCaseTugas3" name="getMessageOnFirstInbox" time="9.188"/>
</testsuite> <!-- tugas3.YopMail.TestCaseTugas3 -->
